<?xml version="1.0" encoding="UTF-8"?>
<testsuite name="ru.stqa.pft.addressbook.tests.ContactModificationTests" tests="1" skipped="0" failures="1" errors="0" timestamp="2018-01-16T15:43:11" hostname="VIW20153" time="16.564">
  <properties/>
  <testcase name="testContactModification" classname="ru.stqa.pft.addressbook.tests.ContactModificationTests" time="16.564">
    <failure message="java.lang.AssertionError: &#10;Expected: &lt;[ContactData{firstname='firstname 9', lastname='lastname 9'}, ContactData{firstname='firstname 2', lastname='lastname 2'}, ContactData{firstname='first name', lastname=''}, ContactData{firstname='first name', lastname='lastname 2'}, ContactData{firstname='firstname 5', lastname='lastname 5'}, ContactData{firstname='firstname 6', lastname='lastname 6'}, ContactData{firstname='firstname 7', lastname='lastname 7'}, ContactData{firstname='firstname 6', lastname='lastname 6'}, ContactData{firstname='firstname 3', lastname='lastname 3'}, ContactData{firstname='firstname 2', lastname='lastname 2'}, ContactData{firstname='firstname 6', lastname='lastname 6'}, ContactData{firstname='firstname 2', lastname='lastname 2'}, ContactData{firstname='firstname2', lastname='lastname2'}, ContactData{firstname='firstname 1', lastname='lastname 1'}, ContactData{firstname='firstname 2', lastname='lastname 2'}, ContactData{firstname='firstname 0', lastname='lastname 0'}, ContactData{firstname='firstname 9', lastname='lastname 9'}, ContactData{firstname='firstname 1', lastname='lastname 1'}, ContactData{firstname='firstname 0', lastname='lastname 0'}, ContactData{firstname='firstname 9', lastname='lastname 9'}, ContactData{firstname='firstname 8', lastname='lastname 8'}, ContactData{firstname='firstname 5', lastname='lastname 5'}, ContactData{firstname='firstname 4', lastname='lastname 4'}, ContactData{firstname='firstname 5', lastname='lastname 5'}, ContactData{firstname='firstname', lastname=''}, ContactData{firstname='firstname', lastname=''}, ContactData{firstname='firstname 6', lastname='lastname 6'}, ContactData{firstname='firstname 1', lastname='lastname 1'}, ContactData{firstname='firstname', lastname=''}, ContactData{firstname='firstname 5', lastname='lastname 5'}, ContactData{firstname='firstname 0', lastname='lastname 0'}, ContactData{firstname='firstname 1', lastname='lastname 1'}, ContactData{firstname='firstname1', lastname=''}, ContactData{firstname='firstname 9', lastname='lastname 9'}, ContactData{firstname='firstname1', lastname='lastname1'}, ContactData{firstname='firstname 4', lastname='lastname 4'}, ContactData{firstname='firstname3', lastname='lastname3'}, ContactData{firstname='firstname 0', lastname='lastname 0'}, ContactData{firstname='firstname 1', lastname='lastname 1'}, ContactData{firstname='first name', lastname='null'}, ContactData{firstname='firstname 8', lastname='lastname 8'}, ContactData{firstname='firstname 7', lastname='lastname 7'}, ContactData{firstname='name', lastname=''}, ContactData{firstname='firstname 0', lastname='lastname 0'}, ContactData{firstname='firstname 8', lastname='lastname 8'}, ContactData{firstname='firstname 3', lastname='lastname 3'}, ContactData{firstname='firstname 9', lastname='lastname 9'}, ContactData{firstname='firstname 8', lastname='lastname 8'}, ContactData{firstname='firstname 5', lastname='lastname 5'}, ContactData{firstname='firstname 4', lastname='lastname 4'}, ContactData{firstname='firstname 4', lastname='lastname 4'}, ContactData{firstname='firstname 0', lastname='lastname 0'}, ContactData{firstname='firstname2', lastname='lastname2'}, ContactData{firstname='firstname 3', lastname='lastname 3'}, ContactData{firstname='firstname 2', lastname='lastname 2'}, ContactData{firstname='firstname 0', lastname='lastname 0'}, ContactData{firstname='firstname 7', lastname='lastname 7'}, ContactData{firstname='firstname 2', lastname='lastname 2'}, ContactData{firstname='first name', lastname='lastname 1'}, ContactData{firstname='firstname 7', lastname='lastname 7'}, ContactData{firstname='firstname 6', lastname='lastname 6'}, ContactData{firstname='firstname 7', lastname='lastname 7'}, ContactData{firstname='firstname', lastname=''}, ContactData{firstname='firstname 8', lastname='lastname 8'}, ContactData{firstname='firstname', lastname=''}, ContactData{firstname='firstname 3', lastname='lastname 3'}, ContactData{firstname='firstname 4', lastname='lastname 4'}, ContactData{firstname='firstname 3', lastname='lastname 3'}, ContactData{firstname='firstname3', lastname='lastname3'}]&gt;&#10;     but: was &lt;[ContactData{firstname='firstname 9', lastname='lastname 9'}, ContactData{firstname='firstname 2', lastname='lastname 2'}, ContactData{firstname='first name', lastname=''}, ContactData{firstname='first name', lastname='lastname 2'}, ContactData{firstname='firstname 5', lastname='lastname 5'}, ContactData{firstname='firstname 6', lastname='lastname 6'}, ContactData{firstname='firstname 7', lastname='lastname 7'}, ContactData{firstname='firstname 6', lastname='lastname 6'}, ContactData{firstname='firstname 3', lastname='lastname 3'}, ContactData{firstname='firstname 2', lastname='lastname 2'}, ContactData{firstname='firstname 6', lastname='lastname 6'}, ContactData{firstname='firstname 2', lastname='lastname 2'}, ContactData{firstname='firstname2', lastname='lastname2'}, ContactData{firstname='firstname 1', lastname='lastname 1'}, ContactData{firstname='firstname 2', lastname='lastname 2'}, ContactData{firstname='firstname 0', lastname='lastname 0'}, ContactData{firstname='firstname 9', lastname='lastname 9'}, ContactData{firstname='firstname 1', lastname='lastname 1'}, ContactData{firstname='firstname 0', lastname='lastname 0'}, ContactData{firstname='firstname 9', lastname='lastname 9'}, ContactData{firstname='firstname 8', lastname='lastname 8'}, ContactData{firstname='firstname 5', lastname='lastname 5'}, ContactData{firstname='firstname 4', lastname='lastname 4'}, ContactData{firstname='firstname 5', lastname='lastname 5'}, ContactData{firstname='firstname', lastname=''}, ContactData{firstname='firstname', lastname=''}, ContactData{firstname='firstname 6', lastname='lastname 6'}, ContactData{firstname='firstname 1', lastname='lastname 1'}, ContactData{firstname='firstname', lastname=''}, ContactData{firstname='firstname 5', lastname='lastname 5'}, ContactData{firstname='firstname 0', lastname='lastname 0'}, ContactData{firstname='firstname 1', lastname='lastname 1'}, ContactData{firstname='firstname1', lastname=''}, ContactData{firstname='firstname 9', lastname='lastname 9'}, ContactData{firstname='firstname1', lastname='lastname1'}, ContactData{firstname='firstname 4', lastname='lastname 4'}, ContactData{firstname='firstname3', lastname='lastname3'}, ContactData{firstname='firstname 0', lastname='lastname 0'}, ContactData{firstname='firstname 1', lastname='lastname 1'}, ContactData{firstname='firstname 8', lastname='lastname 8'}, ContactData{firstname='firstname 7', lastname='lastname 7'}, ContactData{firstname='name', lastname=''}, ContactData{firstname='firstname 0', lastname='lastname 0'}, ContactData{firstname='firstname 8', lastname='lastname 8'}, ContactData{firstname='firstname 3', lastname='lastname 3'}, ContactData{firstname='firstname 9', lastname='lastname 9'}, ContactData{firstname='firstname 8', lastname='lastname 8'}, ContactData{firstname='firstname 5', lastname='lastname 5'}, ContactData{firstname='firstname 4', lastname='lastname 4'}, ContactData{firstname='firstname 4', lastname='lastname 4'}, ContactData{firstname='firstname 0', lastname='lastname 0'}, ContactData{firstname='firstname2', lastname='lastname2'}, ContactData{firstname='firstname 3', lastname='lastname 3'}, ContactData{firstname='firstname 2', lastname='lastname 2'}, ContactData{firstname='firstname 0', lastname='lastname 0'}, ContactData{firstname='firstname 7', lastname='lastname 7'}, ContactData{firstname='firstname 2', lastname='lastname 2'}, ContactData{firstname='first name', lastname='lastname 1'}, ContactData{firstname='first name', lastname='lastname 1'}, ContactData{firstname='firstname 7', lastname='lastname 7'}, ContactData{firstname='firstname 6', lastname='lastname 6'}, ContactData{firstname='firstname 7', lastname='lastname 7'}, ContactData{firstname='firstname', lastname=''}, ContactData{firstname='firstname 8', lastname='lastname 8'}, ContactData{firstname='firstname', lastname=''}, ContactData{firstname='firstname 3', lastname='lastname 3'}, ContactData{firstname='firstname 4', lastname='lastname 4'}, ContactData{firstname='firstname 3', lastname='lastname 3'}, ContactData{firstname='firstname3', lastname='lastname3'}]&gt;" type="java.lang.AssertionError">java.lang.AssertionError: 
Expected: &lt;[ContactData{firstname='firstname 9', lastname='lastname 9'}, ContactData{firstname='firstname 2', lastname='lastname 2'}, ContactData{firstname='first name', lastname=''}, ContactData{firstname='first name', lastname='lastname 2'}, ContactData{firstname='firstname 5', lastname='lastname 5'}, ContactData{firstname='firstname 6', lastname='lastname 6'}, ContactData{firstname='firstname 7', lastname='lastname 7'}, ContactData{firstname='firstname 6', lastname='lastname 6'}, ContactData{firstname='firstname 3', lastname='lastname 3'}, ContactData{firstname='firstname 2', lastname='lastname 2'}, ContactData{firstname='firstname 6', lastname='lastname 6'}, ContactData{firstname='firstname 2', lastname='lastname 2'}, ContactData{firstname='firstname2', lastname='lastname2'}, ContactData{firstname='firstname 1', lastname='lastname 1'}, ContactData{firstname='firstname 2', lastname='lastname 2'}, ContactData{firstname='firstname 0', lastname='lastname 0'}, ContactData{firstname='firstname 9', lastname='lastname 9'}, ContactData{firstname='firstname 1', lastname='lastname 1'}, ContactData{firstname='firstname 0', lastname='lastname 0'}, ContactData{firstname='firstname 9', lastname='lastname 9'}, ContactData{firstname='firstname 8', lastname='lastname 8'}, ContactData{firstname='firstname 5', lastname='lastname 5'}, ContactData{firstname='firstname 4', lastname='lastname 4'}, ContactData{firstname='firstname 5', lastname='lastname 5'}, ContactData{firstname='firstname', lastname=''}, ContactData{firstname='firstname', lastname=''}, ContactData{firstname='firstname 6', lastname='lastname 6'}, ContactData{firstname='firstname 1', lastname='lastname 1'}, ContactData{firstname='firstname', lastname=''}, ContactData{firstname='firstname 5', lastname='lastname 5'}, ContactData{firstname='firstname 0', lastname='lastname 0'}, ContactData{firstname='firstname 1', lastname='lastname 1'}, ContactData{firstname='firstname1', lastname=''}, ContactData{firstname='firstname 9', lastname='lastname 9'}, ContactData{firstname='firstname1', lastname='lastname1'}, ContactData{firstname='firstname 4', lastname='lastname 4'}, ContactData{firstname='firstname3', lastname='lastname3'}, ContactData{firstname='firstname 0', lastname='lastname 0'}, ContactData{firstname='firstname 1', lastname='lastname 1'}, ContactData{firstname='first name', lastname='null'}, ContactData{firstname='firstname 8', lastname='lastname 8'}, ContactData{firstname='firstname 7', lastname='lastname 7'}, ContactData{firstname='name', lastname=''}, ContactData{firstname='firstname 0', lastname='lastname 0'}, ContactData{firstname='firstname 8', lastname='lastname 8'}, ContactData{firstname='firstname 3', lastname='lastname 3'}, ContactData{firstname='firstname 9', lastname='lastname 9'}, ContactData{firstname='firstname 8', lastname='lastname 8'}, ContactData{firstname='firstname 5', lastname='lastname 5'}, ContactData{firstname='firstname 4', lastname='lastname 4'}, ContactData{firstname='firstname 4', lastname='lastname 4'}, ContactData{firstname='firstname 0', lastname='lastname 0'}, ContactData{firstname='firstname2', lastname='lastname2'}, ContactData{firstname='firstname 3', lastname='lastname 3'}, ContactData{firstname='firstname 2', lastname='lastname 2'}, ContactData{firstname='firstname 0', lastname='lastname 0'}, ContactData{firstname='firstname 7', lastname='lastname 7'}, ContactData{firstname='firstname 2', lastname='lastname 2'}, ContactData{firstname='first name', lastname='lastname 1'}, ContactData{firstname='firstname 7', lastname='lastname 7'}, ContactData{firstname='firstname 6', lastname='lastname 6'}, ContactData{firstname='firstname 7', lastname='lastname 7'}, ContactData{firstname='firstname', lastname=''}, ContactData{firstname='firstname 8', lastname='lastname 8'}, ContactData{firstname='firstname', lastname=''}, ContactData{firstname='firstname 3', lastname='lastname 3'}, ContactData{firstname='firstname 4', lastname='lastname 4'}, ContactData{firstname='firstname 3', lastname='lastname 3'}, ContactData{firstname='firstname3', lastname='lastname3'}]&gt;
     but: was &lt;[ContactData{firstname='firstname 9', lastname='lastname 9'}, ContactData{firstname='firstname 2', lastname='lastname 2'}, ContactData{firstname='first name', lastname=''}, ContactData{firstname='first name', lastname='lastname 2'}, ContactData{firstname='firstname 5', lastname='lastname 5'}, ContactData{firstname='firstname 6', lastname='lastname 6'}, ContactData{firstname='firstname 7', lastname='lastname 7'}, ContactData{firstname='firstname 6', lastname='lastname 6'}, ContactData{firstname='firstname 3', lastname='lastname 3'}, ContactData{firstname='firstname 2', lastname='lastname 2'}, ContactData{firstname='firstname 6', lastname='lastname 6'}, ContactData{firstname='firstname 2', lastname='lastname 2'}, ContactData{firstname='firstname2', lastname='lastname2'}, ContactData{firstname='firstname 1', lastname='lastname 1'}, ContactData{firstname='firstname 2', lastname='lastname 2'}, ContactData{firstname='firstname 0', lastname='lastname 0'}, ContactData{firstname='firstname 9', lastname='lastname 9'}, ContactData{firstname='firstname 1', lastname='lastname 1'}, ContactData{firstname='firstname 0', lastname='lastname 0'}, ContactData{firstname='firstname 9', lastname='lastname 9'}, ContactData{firstname='firstname 8', lastname='lastname 8'}, ContactData{firstname='firstname 5', lastname='lastname 5'}, ContactData{firstname='firstname 4', lastname='lastname 4'}, ContactData{firstname='firstname 5', lastname='lastname 5'}, ContactData{firstname='firstname', lastname=''}, ContactData{firstname='firstname', lastname=''}, ContactData{firstname='firstname 6', lastname='lastname 6'}, ContactData{firstname='firstname 1', lastname='lastname 1'}, ContactData{firstname='firstname', lastname=''}, ContactData{firstname='firstname 5', lastname='lastname 5'}, ContactData{firstname='firstname 0', lastname='lastname 0'}, ContactData{firstname='firstname 1', lastname='lastname 1'}, ContactData{firstname='firstname1', lastname=''}, ContactData{firstname='firstname 9', lastname='lastname 9'}, ContactData{firstname='firstname1', lastname='lastname1'}, ContactData{firstname='firstname 4', lastname='lastname 4'}, ContactData{firstname='firstname3', lastname='lastname3'}, ContactData{firstname='firstname 0', lastname='lastname 0'}, ContactData{firstname='firstname 1', lastname='lastname 1'}, ContactData{firstname='firstname 8', lastname='lastname 8'}, ContactData{firstname='firstname 7', lastname='lastname 7'}, ContactData{firstname='name', lastname=''}, ContactData{firstname='firstname 0', lastname='lastname 0'}, ContactData{firstname='firstname 8', lastname='lastname 8'}, ContactData{firstname='firstname 3', lastname='lastname 3'}, ContactData{firstname='firstname 9', lastname='lastname 9'}, ContactData{firstname='firstname 8', lastname='lastname 8'}, ContactData{firstname='firstname 5', lastname='lastname 5'}, ContactData{firstname='firstname 4', lastname='lastname 4'}, ContactData{firstname='firstname 4', lastname='lastname 4'}, ContactData{firstname='firstname 0', lastname='lastname 0'}, ContactData{firstname='firstname2', lastname='lastname2'}, ContactData{firstname='firstname 3', lastname='lastname 3'}, ContactData{firstname='firstname 2', lastname='lastname 2'}, ContactData{firstname='firstname 0', lastname='lastname 0'}, ContactData{firstname='firstname 7', lastname='lastname 7'}, ContactData{firstname='firstname 2', lastname='lastname 2'}, ContactData{firstname='first name', lastname='lastname 1'}, ContactData{firstname='first name', lastname='lastname 1'}, ContactData{firstname='firstname 7', lastname='lastname 7'}, ContactData{firstname='firstname 6', lastname='lastname 6'}, ContactData{firstname='firstname 7', lastname='lastname 7'}, ContactData{firstname='firstname', lastname=''}, ContactData{firstname='firstname 8', lastname='lastname 8'}, ContactData{firstname='firstname', lastname=''}, ContactData{firstname='firstname 3', lastname='lastname 3'}, ContactData{firstname='firstname 4', lastname='lastname 4'}, ContactData{firstname='firstname 3', lastname='lastname 3'}, ContactData{firstname='firstname3', lastname='lastname3'}]&gt;
	at org.hamcrest.MatcherAssert.assertThat(MatcherAssert.java:18)
	at org.hamcrest.MatcherAssert.assertThat(MatcherAssert.java:6)
	at ru.stqa.pft.addressbook.tests.ContactModificationTests.testContactModification(ContactModificationTests.java:44)
	at java.base/jdk.internal.reflect.NativeMethodAccessorImpl.invoke0(Native Method)
	at java.base/jdk.internal.reflect.NativeMethodAccessorImpl.invoke(NativeMethodAccessorImpl.java:62)
	at java.base/jdk.internal.reflect.DelegatingMethodAccessorImpl.invoke(DelegatingMethodAccessorImpl.java:43)
	at java.base/java.lang.reflect.Method.invoke(Method.java:564)
	at org.testng.internal.MethodInvocationHelper.invokeMethod(MethodInvocationHelper.java:124)
	at org.testng.internal.Invoker.invokeMethod(Invoker.java:571)
	at org.testng.internal.Invoker.invokeTestMethod(Invoker.java:707)
	at org.testng.internal.Invoker.invokeTestMethods(Invoker.java:979)
	at org.testng.internal.TestMethodWorker.invokeTestMethods(TestMethodWorker.java:125)
	at org.testng.internal.TestMethodWorker.run(TestMethodWorker.java:109)
	at org.testng.TestRunner.privateRun(TestRunner.java:648)
	at org.testng.TestRunner.run(TestRunner.java:505)
	at org.testng.SuiteRunner.runTest(SuiteRunner.java:455)
	at org.testng.SuiteRunner.runSequentially(SuiteRunner.java:450)
	at org.testng.SuiteRunner.privateRun(SuiteRunner.java:415)
	at org.testng.SuiteRunner.run(SuiteRunner.java:364)
	at org.testng.SuiteRunnerWorker.runSuite(SuiteRunnerWorker.java:52)
	at org.testng.SuiteRunnerWorker.run(SuiteRunnerWorker.java:84)
	at org.testng.TestNG.runSuitesSequentially(TestNG.java:1187)
	at org.testng.TestNG.runSuitesLocally(TestNG.java:1116)
	at org.testng.TestNG.runSuites(TestNG.java:1028)
	at org.testng.TestNG.run(TestNG.java:996)
	at org.gradle.api.internal.tasks.testing.testng.TestNGTestClassProcessor.runTests(TestNGTestClassProcessor.java:129)
	at org.gradle.api.internal.tasks.testing.testng.TestNGTestClassProcessor.stop(TestNGTestClassProcessor.java:88)
	at org.gradle.api.internal.tasks.testing.SuiteTestClassProcessor.stop(SuiteTestClassProcessor.java:61)
	at java.base/jdk.internal.reflect.NativeMethodAccessorImpl.invoke0(Native Method)
	at java.base/jdk.internal.reflect.NativeMethodAccessorImpl.invoke(NativeMethodAccessorImpl.java:62)
	at java.base/jdk.internal.reflect.DelegatingMethodAccessorImpl.invoke(DelegatingMethodAccessorImpl.java:43)
	at java.base/java.lang.reflect.Method.invoke(Method.java:564)
	at org.gradle.internal.dispatch.ReflectionDispatch.dispatch(ReflectionDispatch.java:35)
	at org.gradle.internal.dispatch.ReflectionDispatch.dispatch(ReflectionDispatch.java:24)
	at org.gradle.internal.dispatch.ContextClassLoaderDispatch.dispatch(ContextClassLoaderDispatch.java:32)
	at org.gradle.internal.dispatch.ProxyDispatchAdapter$DispatchingInvocationHandler.invoke(ProxyDispatchAdapter.java:93)
	at com.sun.proxy.$Proxy1.stop(Unknown Source)
	at org.gradle.api.internal.tasks.testing.worker.TestWorker.stop(TestWorker.java:119)
	at java.base/jdk.internal.reflect.NativeMethodAccessorImpl.invoke0(Native Method)
	at java.base/jdk.internal.reflect.NativeMethodAccessorImpl.invoke(NativeMethodAccessorImpl.java:62)
	at java.base/jdk.internal.reflect.DelegatingMethodAccessorImpl.invoke(DelegatingMethodAccessorImpl.java:43)
	at java.base/java.lang.reflect.Method.invoke(Method.java:564)
	at org.gradle.internal.dispatch.ReflectionDispatch.dispatch(ReflectionDispatch.java:35)
	at org.gradle.internal.dispatch.ReflectionDispatch.dispatch(ReflectionDispatch.java:24)
	at org.gradle.internal.remote.internal.hub.MessageHubBackedObjectConnection$DispatchWrapper.dispatch(MessageHubBackedObjectConnection.java:146)
	at org.gradle.internal.remote.internal.hub.MessageHubBackedObjectConnection$DispatchWrapper.dispatch(MessageHubBackedObjectConnection.java:128)
	at org.gradle.internal.remote.internal.hub.MessageHub$Handler.run(MessageHub.java:404)
	at org.gradle.internal.concurrent.ExecutorPolicy$CatchAndRecordFailures.onExecute(ExecutorPolicy.java:63)
	at org.gradle.internal.concurrent.ManagedExecutorImpl$1.run(ManagedExecutorImpl.java:46)
	at java.base/java.util.concurrent.ThreadPoolExecutor.runWorker(ThreadPoolExecutor.java:1167)
	at java.base/java.util.concurrent.ThreadPoolExecutor$Worker.run(ThreadPoolExecutor.java:641)
	at org.gradle.internal.concurrent.ThreadFactoryImpl$ManagedThreadRunnable.run(ThreadFactoryImpl.java:55)
	at java.base/java.lang.Thread.run(Thread.java:844)
</failure>
  </testcase>
  <system-out><![CDATA[]]></system-out>
  <system-err><![CDATA[]]></system-err>
</testsuite>
