<?xml version="1.0" encoding="UTF-8"?>
<testsuite name="ru.stqa.pft.addressbook.tests.ContactCreationTests" tests="10" skipped="0" failures="0" errors="0" timestamp="2018-01-16T15:40:06" hostname="VIW20153" time="185.012">
  <properties/>
  <testcase name="testContactCreation[0](ContactData{firstname='firstname 0', lastname='lastname 0'})" classname="ru.stqa.pft.addressbook.tests.ContactCreationTests" time="32.61"/>
  <testcase name="testContactCreation[1](ContactData{firstname='firstname 1', lastname='lastname 1'})" classname="ru.stqa.pft.addressbook.tests.ContactCreationTests" time="16.312"/>
  <testcase name="testContactCreation[2](ContactData{firstname='firstname 2', lastname='lastname 2'})" classname="ru.stqa.pft.addressbook.tests.ContactCreationTests" time="16.921"/>
  <testcase name="testContactCreation[3](ContactData{firstname='firstname 3', lastname='lastname 3'})" classname="ru.stqa.pft.addressbook.tests.ContactCreationTests" time="16.527"/>
  <testcase name="testContactCreation[4](ContactData{firstname='firstname 4', lastname='lastname 4'})" classname="ru.stqa.pft.addressbook.tests.ContactCreationTests" time="16.723"/>
  <testcase name="testContactCreation[5](ContactData{firstname='firstname 5', lastname='lastname 5'})" classname="ru.stqa.pft.addressbook.tests.ContactCreationTests" time="16.71"/>
  <testcase name="testContactCreation[6](ContactData{firstname='firstname 6', lastname='lastname 6'})" classname="ru.stqa.pft.addressbook.tests.ContactCreationTests" time="16.473"/>
  <testcase name="testContactCreation[7](ContactData{firstname='firstname 7', lastname='lastname 7'})" classname="ru.stqa.pft.addressbook.tests.ContactCreationTests" time="18.123"/>
  <testcase name="testContactCreation[8](ContactData{firstname='firstname 8', lastname='lastname 8'})" classname="ru.stqa.pft.addressbook.tests.ContactCreationTests" time="17.448"/>
  <testcase name="testContactCreation[9](ContactData{firstname='firstname 9', lastname='lastname 9'})" classname="ru.stqa.pft.addressbook.tests.ContactCreationTests" time="17.164"/>
  <system-out><![CDATA[]]></system-out>
  <system-err><![CDATA[]]></system-err>
</testsuite>
